2018-11-29 13:55:59,178 common_func.py[line:8] INFO get_connect_data
2018-11-29 13:55:59,180 common_func.py[line:8] INFO get_connect_data
2018-11-29 13:55:59,181 common_func.py[line:20] INFO get_time
2018-11-29 13:55:59,182 run.py[line:21] INFO start run test case...
2018-11-29 13:55:59,182 myunit.py[line:17] INFO setUp
2018-11-29 13:55:59,182 common_func.py[line:14] INFO connect device
2018-11-29 13:55:59,183 common_func.py[line:8] INFO get_connect_data
2018-11-29 13:56:30,561 combination_1.py[line:22] INFO test_full_profile_best_accuracy
2018-11-29 13:59:36,138 common_func.py[line:50] INFO ====================start_full_profile_best_accuracy====================
2018-11-29 13:59:36,138 common_func.py[line:25] INFO get_cpu_info
2018-11-29 13:59:38,498 common_func.py[line:28] INFO cpu:65%
2018-11-29 13:59:38,498 common_func.py[line:32] INFO get_memory_info
2018-11-29 13:59:45,799 common_func.py[line:40] INFO memory:42%
2018-11-29 13:59:45,801 common_func.py[line:44] INFO get_screen_shot
2018-11-29 13:59:45,801 common_func.py[line:20] INFO get_time
2018-11-29 14:29:46,327 common_func.py[line:55] INFO ====================finish_full_profile_best_accuracy====================
2018-11-29 14:29:46,327 common_func.py[line:25] INFO get_cpu_info
2018-11-29 14:29:46,614 common_func.py[line:28] INFO cpu:58%
2018-11-29 14:29:46,614 common_func.py[line:32] INFO get_memory_info
2018-11-29 14:29:53,152 common_func.py[line:40] INFO memory:40%
2018-11-29 14:29:53,152 common_func.py[line:44] INFO get_screen_shot
2018-11-29 14:29:53,154 common_func.py[line:20] INFO get_time
2018-11-29 14:29:53,629 myunit.py[line:23] INFO tearDown
2018-11-29 17:28:05,476 test_win.py[line:20] INFO test_ColorizedBodyViewer_SFML
2018-11-29 17:28:05,523 test_win.py[line:21] INFO ====================start====================
2018-11-29 17:28:06,524 test_win.py[line:22] INFO  CPU: 3.5%
2018-11-29 17:28:06,524 test_win.py[line:23] INFO Memory:  88.5%  7120M/8042M
2018-11-29 17:28:19,764 test_win.py[line:29] INFO ====================finish====================
2018-11-29 17:28:20,765 test_win.py[line:30] INFO  CPU: 6.1%
2018-11-29 17:28:20,765 test_win.py[line:31] INFO Memory:  89.1%  7167M/8042M
2018-11-29 17:46:25,998 common_func.py[line:9] INFO get_connect_data
2018-11-29 17:46:41,416 common_func.py[line:9] INFO get_connect_data
2018-11-29 17:47:15,405 common_func.py[line:9] INFO get_connect_data
2018-11-29 17:47:15,418 myunit_win.py[line:18] INFO setUp
2018-11-29 17:47:15,418 test_win.py[line:16] INFO test_ColorizedBodyViewer_SFML
2018-11-29 17:50:42,223 common_func.py[line:9] INFO get_connect_data
2018-11-29 17:50:42,236 myunit_win.py[line:18] INFO setUp
2018-11-29 17:50:42,236 test_win.py[line:15] INFO test_ColorizedBodyViewer_SFML
2018-11-29 17:50:42,258 common_func.py[line:79] INFO ====================start_ColorizedBodyViewer_SFML====================
2018-11-29 17:50:42,258 common_func.py[line:62] INFO getCPUstate£º 
2018-11-29 17:50:43,263 common_func.py[line:63] INFO  CPU: 22.4%
2018-11-29 17:50:44,263 common_func.py[line:68] INFO getMemorystate
2018-11-29 17:50:44,264 common_func.py[line:75] INFO Memory:  93.9%  7553M/8042M
2018-11-29 17:50:49,265 common_func.py[line:83] INFO ====================finish_ColorizedBodyViewer_SFML====================
2018-11-29 17:50:49,271 common_func.py[line:62] INFO getCPUstate£º 
2018-11-29 17:50:50,271 common_func.py[line:63] INFO  CPU: 5.5%
2018-11-29 17:50:51,272 common_func.py[line:68] INFO getMemorystate
2018-11-29 17:50:51,272 common_func.py[line:75] INFO Memory:  91.2%  7334M/8042M
2018-11-29 17:50:51,272 myunit_win.py[line:21] INFO tearDown
2018-11-29 17:53:32,342 common_func.py[line:9] INFO get_connect_data
2018-11-29 17:53:32,354 myunit_win.py[line:18] INFO setUp
2018-11-29 17:53:32,354 test_win.py[line:15] INFO test_ColorizedBodyViewer_SFML
2018-11-29 17:53:32,422 common_func.py[line:79] INFO ====================start_ColorReaderEvent====================
2018-11-29 17:53:32,422 common_func.py[line:62] INFO getCPUstate£º 
2018-11-29 17:53:33,422 common_func.py[line:63] INFO  CPU: 14.8%
2018-11-29 17:53:34,423 common_func.py[line:68] INFO getMemorystate
2018-11-29 17:53:34,423 common_func.py[line:75] INFO Memory:  93.5%  7517M/8042M
2018-11-29 17:53:39,424 common_func.py[line:83] INFO ====================finish_ColorReaderEvent====================
2018-11-29 17:53:39,424 common_func.py[line:62] INFO getCPUstate£º 
2018-11-29 17:53:40,425 common_func.py[line:63] INFO  CPU: 3.3%
2018-11-29 17:53:41,426 common_func.py[line:68] INFO getMemorystate
2018-11-29 17:53:41,426 common_func.py[line:75] INFO Memory:  93.5%  7523M/8042M
2018-11-29 17:57:05,844 common_func.py[line:9] INFO get_connect_data
2018-11-29 17:57:05,857 myunit_win.py[line:18] INFO setUp
2018-11-29 17:57:05,858 test_win.py[line:15] INFO test_ColorizedBodyViewer_SFML
2018-11-29 17:57:05,899 common_func.py[line:79] INFO ====================start_ColorReaderEvent====================
2018-11-29 17:57:05,899 common_func.py[line:62] INFO getCPUstate£º 
2018-11-29 17:57:06,901 common_func.py[line:63] INFO  CPU: 11.9%
2018-11-29 17:57:07,902 common_func.py[line:68] INFO getMemorystate
2018-11-29 17:57:07,902 common_func.py[line:75] INFO Memory:  94.5%  7596M/8042M
2018-11-29 17:57:12,904 common_func.py[line:83] INFO ====================finish_ColorReaderEvent====================
2018-11-29 17:57:12,909 common_func.py[line:62] INFO getCPUstate£º 
2018-11-29 17:57:13,910 common_func.py[line:63] INFO  CPU: 11.0%
2018-11-29 17:57:14,910 common_func.py[line:68] INFO getMemorystate
2018-11-29 17:57:14,910 common_func.py[line:75] INFO Memory:  94.7%  7620M/8042M
2018-11-29 17:58:14,888 common_func.py[line:9] INFO get_connect_data
2018-11-29 17:58:14,902 myunit_win.py[line:18] INFO setUp
2018-11-29 17:58:14,902 test_win.py[line:15] INFO test_ColorizedBodyViewer_SFML
2018-11-29 17:58:14,926 common_func.py[line:79] INFO ====================start_ColorReaderEvent====================
2018-11-29 17:58:14,926 common_func.py[line:62] INFO getCPUstate£º 
2018-11-29 17:58:15,928 common_func.py[line:63] INFO  CPU: 27.6%
2018-11-29 17:58:16,928 common_func.py[line:68] INFO getMemorystate
2018-11-29 17:58:16,928 common_func.py[line:75] INFO Memory:  95.2%  7656M/8042M
2018-11-29 17:58:21,929 common_func.py[line:83] INFO ====================finish_ColorReaderEvent====================
2018-11-29 17:58:21,930 common_func.py[line:62] INFO getCPUstate£º 
2018-11-29 17:58:22,932 common_func.py[line:63] INFO  CPU: 42.0%
2018-11-29 17:58:23,932 common_func.py[line:68] INFO getMemorystate
2018-11-29 17:58:23,932 common_func.py[line:75] INFO Memory:  95.3%  7668M/8042M
2018-11-29 18:00:22,388 common_func.py[line:9] INFO get_connect_data
2018-11-29 18:00:22,401 myunit_win.py[line:18] INFO setUp
2018-11-29 18:00:22,402 test_win.py[line:15] INFO test_ColorizedBodyViewer_SFML
2018-11-29 18:00:22,474 common_func.py[line:79] INFO ====================start_ColorReaderEvent====================
2018-11-29 18:00:22,475 common_func.py[line:62] INFO getCPUstate£º 
2018-11-29 18:00:23,475 common_func.py[line:63] INFO  CPU: 27.6%
2018-11-29 18:00:24,476 common_func.py[line:68] INFO getMemorystate
2018-11-29 18:00:24,476 common_func.py[line:75] INFO Memory:  94.9%  7633M/8042M
2018-11-29 18:00:29,478 common_func.py[line:83] INFO ====================finish_ColorReaderEvent====================
2018-11-29 18:00:29,485 common_func.py[line:62] INFO getCPUstate£º 
2018-11-29 18:00:30,485 common_func.py[line:63] INFO  CPU: 37.7%
2018-11-29 18:00:31,485 common_func.py[line:68] INFO getMemorystate
2018-11-29 18:00:31,485 common_func.py[line:75] INFO Memory:  95.0%  7638M/8042M
2018-11-29 18:01:50,364 common_func.py[line:9] INFO get_connect_data
2018-11-29 18:01:50,395 myunit_win.py[line:18] INFO setUp
2018-11-29 18:02:01,836 test_win.py[line:15] INFO test_ColorizedBodyViewer_SFML
2018-11-29 18:02:23,711 common_func.py[line:79] INFO ====================start_ColorReaderEvent====================
2018-11-29 18:02:23,712 common_func.py[line:62] INFO getCPUstate£º 
2018-11-29 18:02:24,714 common_func.py[line:63] INFO  CPU: 32.7%
2018-11-29 18:02:25,715 common_func.py[line:68] INFO getMemorystate
2018-11-29 18:02:25,716 common_func.py[line:75] INFO Memory:  94.9%  7628M/8042M
2018-11-29 18:03:13,792 common_func.py[line:9] INFO get_connect_data
2018-11-29 18:03:13,807 myunit_win.py[line:18] INFO setUp
2018-11-29 18:03:13,807 test_win.py[line:15] INFO test_ColorizedBodyViewer_SFML
2018-11-29 18:03:13,861 myunit_win.py[line:21] INFO tearDown
2018-11-29 18:03:51,798 common_func.py[line:9] INFO get_connect_data
2018-11-29 18:03:51,811 myunit_win.py[line:18] INFO setUp
2018-11-29 18:03:51,811 test_win.py[line:15] INFO test_ColorizedBodyViewer_SFML
2018-11-29 18:09:58,298 common_func.py[line:9] INFO get_connect_data
2018-11-29 18:09:58,314 myunit_win.py[line:18] INFO setUp
2018-11-29 18:09:58,314 test_win.py[line:15] INFO test_ColorizedBodyViewer_SFML
2018-11-29 18:09:58,413 myunit_win.py[line:21] INFO tearDown
2018-11-29 18:10:49,971 common_func.py[line:9] INFO get_connect_data
2018-11-29 18:10:49,991 myunit_win.py[line:18] INFO setUp
2018-11-29 18:10:49,992 test_win.py[line:15] INFO test_ColorizedBodyViewer_SFML
2018-11-29 18:11:13,701 common_func.py[line:9] INFO get_connect_data
2018-11-29 18:11:13,717 myunit_win.py[line:18] INFO setUp
2018-11-29 18:11:13,717 test_win.py[line:15] INFO test_ColorizedBodyViewer_SFML
2018-11-29 18:12:29,994 common_func.py[line:9] INFO get_connect_data
2018-11-29 18:12:30,010 myunit_win.py[line:18] INFO setUp
2018-11-29 18:12:30,010 test_win.py[line:15] INFO test_ColorizedBodyViewer_SFML
2018-11-29 18:13:25,988 common_func.py[line:9] INFO get_connect_data
2018-11-29 18:13:26,003 myunit_win.py[line:18] INFO setUp
2018-11-29 18:13:26,003 test_win.py[line:15] INFO test_ColorizedBodyViewer_SFML
2018-11-29 18:19:24,168 common_func.py[line:9] INFO get_connect_data
2018-11-29 18:19:24,179 myunit_win.py[line:18] INFO setUp
2018-11-29 18:19:24,180 test_win.py[line:15] INFO test_ColorizedBodyViewer_SFML
2018-11-29 18:19:24,273 myunit_win.py[line:21] INFO tearDown
2018-11-29 18:19:59,871 common_func.py[line:9] INFO get_connect_data
2018-11-29 18:19:59,884 myunit_win.py[line:18] INFO setUp
2018-11-29 18:19:59,885 test_win.py[line:15] INFO test_ColorizedBodyViewer_SFML
2018-11-29 18:19:59,927 myunit_win.py[line:21] INFO tearDown
2018-11-29 18:20:39,154 common_func.py[line:9] INFO get_connect_data
2018-11-29 18:20:39,172 myunit_win.py[line:18] INFO setUp
2018-11-29 18:20:39,173 test_win.py[line:15] INFO test_ColorizedBodyViewer_SFML
2018-11-29 18:20:39,223 myunit_win.py[line:21] INFO tearDown
2018-11-29 18:24:07,162 common_func.py[line:9] INFO get_connect_data
2018-11-29 18:24:07,176 myunit_win.py[line:18] INFO setUp
2018-11-29 18:24:07,176 test_win.py[line:15] INFO test_ColorizedBodyViewer_SFML
2018-11-29 18:26:01,363 common_func.py[line:9] INFO get_connect_data
2018-11-29 18:26:01,376 myunit_win.py[line:18] INFO setUp
2018-11-29 18:26:01,377 test_win.py[line:15] INFO test_ColorizedBodyViewer_SFML
2018-11-29 18:26:38,778 common_func.py[line:9] INFO get_connect_data
2018-11-29 18:26:38,792 myunit_win.py[line:18] INFO setUp
2018-11-29 18:26:38,792 test_win.py[line:15] INFO test_ColorizedBodyViewer_SFML
2018-11-29 18:26:46,807 myunit_win.py[line:21] INFO tearDown
2018-11-29 18:27:41,176 common_func.py[line:9] INFO get_connect_data
2018-11-29 18:27:41,191 myunit_win.py[line:18] INFO setUp
2018-11-29 18:27:41,192 test_win.py[line:15] INFO test_ColorizedBodyViewer_SFML
2018-11-29 18:31:39,128 common_func.py[line:9] INFO get_connect_data
2018-11-29 18:31:39,141 myunit_win.py[line:18] INFO setUp
2018-11-29 18:31:39,141 test_win.py[line:15] INFO test_ColorizedBodyViewer_SFML
2018-11-29 18:31:50,828 myunit_win.py[line:21] INFO tearDown
2018-11-29 18:32:16,717 common_func.py[line:9] INFO get_connect_data
2018-11-29 18:32:16,733 myunit_win.py[line:18] INFO setUp
2018-11-29 18:32:16,733 test_win.py[line:15] INFO test_ColorizedBodyViewer_SFML
2018-11-29 18:32:16,795 myunit_win.py[line:21] INFO tearDown
2018-11-29 18:32:42,120 common_func.py[line:9] INFO get_connect_data
2018-11-29 18:32:42,141 myunit_win.py[line:18] INFO setUp
2018-11-29 18:32:42,199 test_win.py[line:15] INFO test_ColorizedBodyViewer_SFML
2018-11-29 18:33:13,052 myunit_win.py[line:21] INFO tearDown
2018-11-29 18:33:39,534 common_func.py[line:9] INFO get_connect_data
2018-11-29 18:33:39,550 myunit_win.py[line:18] INFO setUp
2018-11-29 18:33:39,550 test_win.py[line:15] INFO test_ColorizedBodyViewer_SFML
2018-11-29 18:45:33,337 common_func.py[line:9] INFO get_connect_data
2018-11-29 18:45:33,357 myunit_win.py[line:18] INFO setUp
2018-11-29 18:45:33,358 test_win.py[line:15] INFO test_ColorizedBodyViewer_SFML
2018-11-29 18:45:38,428 myunit_win.py[line:21] INFO tearDown
2018-11-29 18:46:15,800 common_func.py[line:9] INFO get_connect_data
2018-11-29 18:46:15,828 myunit_win.py[line:18] INFO setUp
2018-11-29 18:46:15,829 test_win.py[line:15] INFO test_ColorizedBodyViewer_SFML
2018-11-29 18:46:20,866 myunit_win.py[line:21] INFO tearDown
2018-11-29 18:47:01,159 common_func.py[line:9] INFO get_connect_data
2018-11-29 18:47:01,182 myunit_win.py[line:18] INFO setUp
2018-11-29 18:47:01,183 test_win.py[line:15] INFO test_ColorizedBodyViewer_SFML
2018-11-29 18:48:17,433 myunit_win.py[line:21] INFO tearDown
2018-11-29 18:48:37,666 common_func.py[line:9] INFO get_connect_data
2018-11-29 18:48:37,687 myunit_win.py[line:18] INFO setUp
2018-11-29 18:48:37,687 test_win.py[line:15] INFO test_ColorizedBodyViewer_SFML
2018-11-29 18:49:23,839 myunit_win.py[line:21] INFO tearDown
2018-11-29 18:49:51,695 common_func.py[line:9] INFO get_connect_data
2018-11-29 18:49:51,715 myunit_win.py[line:18] INFO setUp
2018-11-29 18:49:51,716 test_win.py[line:15] INFO test_ColorizedBodyViewer_SFML
2018-11-29 18:49:56,756 myunit_win.py[line:21] INFO tearDown
2018-11-29 18:51:42,152 common_func.py[line:9] INFO get_connect_data
2018-11-29 18:51:42,174 myunit_win.py[line:18] INFO setUp
2018-11-29 18:51:42,175 test_win.py[line:15] INFO test_ColorizedBodyViewer_SFML
2018-11-29 18:51:48,451 myunit_win.py[line:21] INFO tearDown
2018-11-29 18:53:45,894 common_func.py[line:9] INFO get_connect_data
2018-11-29 18:53:45,922 myunit_win.py[line:18] INFO setUp
2018-11-29 18:53:45,923 test_win.py[line:15] INFO test_ColorizedBodyViewer_SFML
2018-11-29 18:53:45,966 common_func.py[line:79] INFO ====================start_ColorReaderEvent_SFML====================
2018-11-29 18:53:45,967 common_func.py[line:62] INFO getCPUstate£º 
2018-11-29 18:53:46,969 common_func.py[line:63] INFO  CPU: 77.6%
2018-11-29 18:53:47,970 common_func.py[line:68] INFO getMemorystate
2018-11-29 18:53:47,973 common_func.py[line:75] INFO Memory:  94.9%  7632M/8042M
2018-11-29 18:53:52,976 common_func.py[line:83] INFO ====================finish_ColorReaderEvent_SFML====================
2018-11-29 18:53:52,986 common_func.py[line:62] INFO getCPUstate£º 
2018-11-29 18:53:53,989 common_func.py[line:63] INFO  CPU: 84.5%
2018-11-29 18:53:54,992 common_func.py[line:68] INFO getMemorystate
2018-11-29 18:53:54,992 common_func.py[line:75] INFO Memory:  94.5%  7598M/8042M
2018-11-29 18:53:54,993 myunit_win.py[line:21] INFO tearDown
2018-11-29 18:56:25,211 common_func.py[line:9] INFO get_connect_data
2018-11-29 18:56:25,229 myunit_win.py[line:18] INFO setUp
2018-11-29 18:56:25,230 test_win.py[line:25] INFO test_ColorReaderEvent
2018-11-29 18:56:25,261 common_func.py[line:79] INFO ====================start_ColorReaderEvent====================
2018-11-29 18:56:25,262 common_func.py[line:62] INFO getCPUstate£º 
2018-11-29 18:56:26,262 common_func.py[line:63] INFO  CPU: 66.3%
2018-11-29 18:56:27,262 common_func.py[line:68] INFO getMemorystate
2018-11-29 18:56:27,262 common_func.py[line:75] INFO Memory:  94.3%  7587M/8042M
2018-11-29 18:56:32,263 common_func.py[line:83] INFO ====================finish_ColorReaderEvent====================
2018-11-29 18:56:32,268 common_func.py[line:62] INFO getCPUstate£º 
2018-11-29 18:56:33,269 common_func.py[line:63] INFO  CPU: 67.6%
2018-11-29 18:56:34,271 common_func.py[line:68] INFO getMemorystate
2018-11-29 18:56:34,272 common_func.py[line:75] INFO Memory:  94.4%  7589M/8042M
2018-11-29 18:56:34,273 myunit_win.py[line:21] INFO tearDown
2018-11-29 18:56:39,413 myunit_win.py[line:18] INFO setUp
2018-11-29 18:56:39,413 test_win.py[line:15] INFO test_ColorizedBodyViewer_SFML
2018-11-29 18:56:39,444 common_func.py[line:79] INFO ====================start_ColorReaderEvent_SFML====================
2018-11-29 18:56:39,444 common_func.py[line:62] INFO getCPUstate£º 
2018-11-29 18:56:40,589 common_func.py[line:63] INFO  CPU: 76.1%
2018-11-29 18:56:41,609 common_func.py[line:68] INFO getMemorystate
2018-11-29 18:56:41,610 common_func.py[line:75] INFO Memory:  95.6%  7685M/8042M
2018-11-29 18:56:46,612 common_func.py[line:83] INFO ====================finish_ColorReaderEvent_SFML====================
2018-11-29 18:56:46,613 common_func.py[line:62] INFO getCPUstate£º 
2018-11-29 18:56:47,616 common_func.py[line:63] INFO  CPU: 92.5%
2018-11-29 18:56:48,619 common_func.py[line:68] INFO getMemorystate
2018-11-29 18:56:48,620 common_func.py[line:75] INFO Memory:  95.7%  7695M/8042M
2018-11-29 18:56:48,621 myunit_win.py[line:21] INFO tearDown
2018-11-29 18:57:43,153 common_func.py[line:9] INFO get_connect_data
2018-11-29 18:57:43,177 myunit_win.py[line:18] INFO setUp
2018-11-29 18:57:43,177 test_win.py[line:25] INFO test_ColorReaderEvent
2018-11-29 18:57:43,213 common_func.py[line:79] INFO ====================start_ColorReaderEvent====================
2018-11-29 18:57:43,214 common_func.py[line:62] INFO getCPUstate£º 
2018-11-29 18:57:44,214 common_func.py[line:63] INFO  CPU: 83.5%
2018-11-29 18:57:45,216 common_func.py[line:68] INFO getMemorystate
2018-11-29 18:57:45,217 common_func.py[line:75] INFO Memory:  93.9%  7548M/8042M
2018-11-29 18:57:50,219 common_func.py[line:83] INFO ====================finish_ColorReaderEvent====================
2018-11-29 18:57:50,226 common_func.py[line:62] INFO getCPUstate£º 
2018-11-29 18:57:51,226 common_func.py[line:63] INFO  CPU: 87.4%
2018-11-29 18:57:52,227 common_func.py[line:68] INFO getMemorystate
2018-11-29 18:57:52,227 common_func.py[line:75] INFO Memory:  93.9%  7549M/8042M
2018-11-29 18:57:52,228 myunit_win.py[line:21] INFO tearDown
2018-11-29 18:57:57,235 myunit_win.py[line:18] INFO setUp
2018-11-29 18:57:57,236 test_win.py[line:15] INFO test_ColorizedBodyViewer_SFML
2018-11-29 18:57:57,315 common_func.py[line:79] INFO ====================start_ColorReaderEvent_SFML====================
2018-11-29 18:57:57,316 common_func.py[line:62] INFO getCPUstate£º 
2018-11-29 18:57:58,318 common_func.py[line:63] INFO  CPU: 95.4%
2018-11-29 18:57:59,347 common_func.py[line:68] INFO getMemorystate
2018-11-29 18:57:59,348 common_func.py[line:75] INFO Memory:  96.0%  7723M/8042M
2018-11-29 18:58:04,363 common_func.py[line:83] INFO ====================finish_ColorReaderEvent_SFML====================
2018-11-29 18:58:04,367 common_func.py[line:62] INFO getCPUstate£º 
2018-11-29 18:58:05,439 common_func.py[line:63] INFO  CPU: 100.0%
2018-11-29 18:58:06,447 common_func.py[line:68] INFO getMemorystate
2018-11-29 18:58:06,448 common_func.py[line:75] INFO Memory:  96.2%  7736M/8042M
2018-11-29 18:58:06,449 myunit_win.py[line:21] INFO tearDown
